== Info: Host fce-service.onrender.com:443 was resolved.
== Info: IPv6: (none)
== Info: IPv4: 216.24.57.251, 216.24.57.7
== Info:   Trying 216.24.57.251:443...
== Info: ALPN: curl offers h2,http/1.1
=> Send SSL data, 5 bytes (0x5)
0000: ....)
== Info: TLSv1.3 (OUT), TLS handshake, Client hello (1):
=> Send SSL data, 1577 bytes (0x629)
0000: ...%..P.......g..&.....-.[{...i..>..w. I....M!.C.>~.F..0.b....Is
0040: .W^.(.K.<.......,.0.........+./...$.(.k.#.'.g.....9.....3.....=.
0080: <.5./..................fce-service.onrender.com.................
00c0: ....................h2.http/1.1.........1.....6.4...............
0100: ......................................+........-.....3........m.
0140: ..B....0A.Ta6t.I.:o,..7#v.9..J...Q..w..*..i..us.m....#..E'*.jv.Z
0180: .W..RY....TL..6x8...4....:..#..R..9..6...f.!A.d.f.~1..aF.@*.c5..
01c0: ./0.P...R.h...r..x..i..{SoW.]..b...+'.y.>.,...TC.y...t)....w..W.
0200: ..k.?.>Y`..Y......+.K.U@`mJ[\...g|*!.By.....C.c.w.......u..JsF..
0240: vbI...}.':..H.U.l..r.IS.5....e...=3..l@..l.K..xCE.^#.DJ).....T).
0280: q...T.8.K`z..*.!... ..l..Z.......T\..G...v..J'...%X.....Lt..'...
02c0: re.&#S...1...l%l..5B&>...rD..{0.6.].sy.?c.la.k....e8\.r/..5F.;Z.
0300: .V|....{.:.5J...1.hS....,.}...O.?NIF..L.9...o.3...HM.."(..T..\S.
0340: .O.G.'..K.T5&.0...%g.........Q....s.1/z[TH.s@...AY.Hi...&C..w8..
0380: .......h...(..yF..e...?.....Y.....E\.........s4.8I.C..7.j.....(E
03c0: ..........`.....P....+.A. Z.E.r..AgW.93..{.3/.".:...`.h;\..q.x..
0400: (....zr.#k.Y.F.5*..T?....`.`IHk...<9..c..Y..x..@A...n.E.9...Ko_.
0440: (.;#... ...U.......k.]P4.[.S.'....0.....o..f3..E..l.>2H9*...}'.A
0480: 1......i?.,.a.Q-....x.gU.S.Y#.?.Zn.Q.1.."A...x...h....).........
04c0: ..A......8.....H.i;..w=i%..h..p..B...2.9<[.....V........)D...t..
0500: pc..R..b...SF,..)u".!0...GF>q...;..a..y.v|{}.v.x.,1...1.{...$2!.
0540: z......Q1.......f3`..o......w6.w..C.jX.Y.><3.&i.&.&$..sF.8.n.%..
0580: (...F.`..V.=.Fq.=.....S.....N.....M..}H.D9C ... ...J.q.#.,*..v.%
05c0: .A.`......JK?..^.Z.8..z1.0..-.. .....#4....$d.c1~7..U.Wp..'u*s..
0600: . .../@.q......+D.r?.-<Ui..8...4oe.......
== Info:  CAfile: /data/data/com.termux/files/usr/etc/tls/cert.pem
== Info:  CApath: /data/data/com.termux/files/usr/etc/tls/certs
<= Recv SSL data, 5 bytes (0x5)
0000: .....
== Info: TLSv1.3 (IN), TLS handshake, Server hello (2):
<= Recv SSL data, 1210 bytes (0x4ba)
0000: ......../6.........b.ZY.\S..N+.`ci.=q. I....M!.C.>~.F..0.b....Is
0040: .W^.(.K....n.3.d...`.8y.Y!.1."r_......c..G.6.._....w.V.few.-..ZO
0080: nw{.._<.!.8....'..c..uf,.']X.8.=...|...qe.9.;r.9.v......M|....m|
00c0: q)..(yuc?..D...vHC...a.{\...'`%.....w;*L..GG...........e]Z..m.H.
0100: ....Y.i+Va.o.....E).{M.....9.z.;lX.u...)Yj..o..7..7j..g..0...A..
0140: .0.....jP.E.jve.d*d...q.IK.....\...O...U...."d.K96.5....tr..>...
0180: .J...y.p...........'.... .....x{.u.Y'....=.......m.e......#;.v..
01c0: .....(ye....X.p...!a.^....7...}...Z3C?....O....,...G~.....R...u?
0200: .o._..E..".$..@2..M...,.S.9..}Y..:v...`....l[w.D8.v!w..p.[."...H
0240: K..."L.r....../...$..C.V....;...r.&.7~....=.#.g&..e..'.....I.x..
0280: {\&c#RO..5........}..KB.+....t3ZJ....e.:.S..R....;[...(#.fM....x
02c0: ~.a....(..,r.k#.V..p..>.-HP.......9....v6=.....6....w&...!..O@..
0300: ............x.K.....l..P....aF>ED.............g.....=..B'....R..
0340: .h......../...?...z.Z.....l_.C...K.<~..h......3t.....J..Y=..;.E.
0380: .&.DlD.j2o.....A..G.....Q..^..q5...c?.R... b......<....x........
03c0: ...tZ.6R.Y3"(....kU.|..l.....q.O].c.S....7...n.........bo(b.9...
0400: ...O.4..O..1.Y.zM|...5.E...w..pl...+gF.nB.....P...W..!.+.l"..n.)
0440: ..8U....>....@f....,...3....Q3.B...<...y...;[..I@.Y..f&S..I."@.h
0480: .E..x....I(.4.."....a./..].({.7eK.d......D4.w..6.....+....
<= Recv SSL data, 5 bytes (0x5)
0000: .....
== Info: TLSv1.3 (IN), TLS change cipher, Change cipher spec (1):
<= Recv SSL data, 1 bytes (0x1)
0000: .
<= Recv SSL data, 5 bytes (0x5)
0000: .....
<= Recv SSL data, 1 bytes (0x1)
0000: .
== Info: TLSv1.3 (IN), TLS handshake, Encrypted Extensions (8):
<= Recv SSL data, 19 bytes (0x13)
0000: .................h2
== Info: TLSv1.3 (IN), TLS handshake, Certificate (11):
<= Recv SSL data, 2533 bytes (0x9e5)
0000: ...........0...0..O...........4.....H..Q..e0...*.H.=...0;1.0...U
0040: ....US1.0...U....Google Trust Services1.0...U....WE10...25080417
0080: 5353Z..251102185351Z0.1.0...U....onrender.com0Y0...*.H.=....*.H.
00c0: =....B...T..r.{]g[.q..&k...A..../.m.1..8....M...x.$"._.r0.x.Iu2.
0100: &..........V0..R0...U...........0...U.%..0...+.......0...U......
0140: .0.0...U.......4..j.$......u.i....0...U.#..0....w.5g......{..y{.
0180: ..80^..+........R0P0'..+.....0...http://o.pki.goog/s/we1/n4A0%..
01c0: +.....0...http://i.pki.goog/we1.crt0'..U... 0...onrender.com..*.
0200: onrender.com0...U. ..0.0...g.....06..U.../0-0+.).'.%http://c.pki
0240: .goog/we1/TQRRitNQZa8.crl0.....+.....y............v...N4.SrL....
0280: .?z....b...m0.....&:....vn.w.....G0E. .-..PP.......1....jK....I.
02c0: ...fk9.!.....jF...A...VR.i.../..v2..e.....w....I.T.@........g/N.
0300: .#@h.k.@...}....vn.......H0F.!.....|.*....&......O...Jh7..~..{C.
0340: !...."n./s...........T.8d.g......<0...*.H.=....H.0E. J=bo..`....
0380: ~k....J......c..*.....!...x..............R$.......).p........0..
03c0: .0..%..........w.,"Jv.].....0...*.H.=...0G1.0...U....US1"0 ..U..
0400: ..Google Trust Services LLC1.0...U....GTS Root R40...23121309000
0440: 0Z..290220140000Z0;1.0...U....US1.0...U....Google Trust Services
0480: 1.0...U....WE10Y0...*.H.=....*.H.=....B..o.:.gWGL!..@.G].XG.@.\.
04c0: ...7..|..K.................Y.,&...&%....V...0..0...U...........0
0500: ...U.%..0...+.........+.......0...U.......0.......0...U.......w.
0540: 5g......{..y{...80...U.#..0....L..t.I6.....>.j....04..+........(
0580: 0&0$..+.....0...http://i.pki.goog/r4.crt0+..U...$0"0 ......http:
05c0: //c.pki.goog/r/r4.crl0...U. ..0.0...g.....0...*.H.=....h.0e.1...
0600: .Q..C..u......@Az&....2-=....#H.R.>dy....,.nU..0&..h.b...~....D~
0640: .LI..l.b4...~:..P.....}s..RAM..V....~0..z0..b.........0.3.C.....
0680: I=..0...*.H........0W1.0...U....BE1.0...U....GlobalSign nv-sa1.0
06c0: ...U....Root CA1.0...U....GlobalSign Root CA0...231115034321Z..2
0700: 80128000042Z0G1.0...U....US1"0 ..U....Google Trust Services LLC1
0740: .0...U....GTS Root R40v0...*.H.=....+...".b...ts.h.`.C.5..0{KI..
0780: .a...F.k.a.5.@.s...0Z.<..|.@v;...G.*...js..r9.)...._^X.e...e....
07c0: ..s..j/.........0..0...U...........0...U.%..0...+.........+.....
0800: ..0...U.......0....0...U.......L..t.I6.....>.j....0...U.#..0...`
0840: {f.E....P/}..4....K06..+........*0(0&..+.....0...http://i.pki.go
0880: og/gsr1.crt0-..U...&0$0". ....http://c.pki.goog/r/gsr1.crl0...U.
08c0:  ..0.0...g.....0...*.H..............B........?c.....hH.9"s...N-.
0900: 1......6...y.....j.{.}.t..e.h*,,.B..q...-.k..n.}V.#XX.%...G... .
0940: .......U.yu5,1[?e....B.....^.....-G...c~....k.......gX......I.P[
0980: ?:.%....\.yW.6...&.........>..n..<..8.A..^S.>. W...?H......j#...
09c0: .?/....n..F...g.3&...K..6.&;[........
== Info: TLSv1.3 (IN), TLS handshake, CERT verify (15):
<= Recv SSL data, 80 bytes (0x50)
0000: ...L...H0F.!..f.....ZQ".j.......NEn0.Ax....]..!..?a.).......g...
0040: ....\.r.L....[.X
== Info: TLSv1.3 (IN), TLS handshake, Finished (20):
<= Recv SSL data, 52 bytes (0x34)
0000: ...0...t.1.......=.\..l.N.l.p.t.8M.... .q.sr.\E(m...
=> Send SSL data, 5 bytes (0x5)
0000: .....
== Info: TLSv1.3 (OUT), TLS change cipher, Change cipher spec (1):
=> Send SSL data, 1 bytes (0x1)
0000: .
=> Send SSL data, 5 bytes (0x5)
0000: ....E
=> Send SSL data, 1 bytes (0x1)
0000: .
== Info: TLSv1.3 (OUT), TLS handshake, Finished (20):
=> Send SSL data, 52 bytes (0x34)
0000: ...0.C.C......]...2.L.._.H..p...^T.p<.B$*....a5Y...@
== Info: SSL connection using TLSv1.3 / TLS_AES_256_GCM_SHA384 / X25519MLKEM768 / id-ecPublicKey
== Info: ALPN: server accepted h2
== Info: Server certificate:
== Info:  subject: CN=onrender.com
== Info:  start date: Aug  4 17:53:53 2025 GMT
== Info:  expire date: Nov  2 18:53:51 2025 GMT
== Info:  subjectAltName: host "fce-service.onrender.com" matched cert's "*.onrender.com"
== Info:  issuer: C=US; O=Google Trust Services; CN=WE1
== Info:  SSL certificate verify ok.
== Info:   Certificate level 0: Public key type EC/prime256v1 (256/128 Bits/secBits), signed using ecdsa-with-SHA256
== Info:   Certificate level 1: Public key type EC/prime256v1 (256/128 Bits/secBits), signed using ecdsa-with-SHA384
== Info:   Certificate level 2: Public key type EC/secp384r1 (384/192 Bits/secBits), signed using ecdsa-with-SHA384
== Info: Connected to fce-service.onrender.com (216.24.57.251) port 443
== Info: using HTTP/2
== Info: [HTTP/2] [1] OPENED stream for https://fce-service.onrender.com/extract
== Info: [HTTP/2] [1] [:method: POST]
== Info: [HTTP/2] [1] [:scheme: https]
== Info: [HTTP/2] [1] [:authority: fce-service.onrender.com]
== Info: [HTTP/2] [1] [:path: /extract]
== Info: [HTTP/2] [1] [user-agent: curl/8.12.1]
== Info: [HTTP/2] [1] [accept: */*]
== Info: [HTTP/2] [1] [content-type: application/json]
== Info: [HTTP/2] [1] [content-length: 186]
=> Send SSL data, 5 bytes (0x5)
0000: ....\
=> Send SSL data, 1 bytes (0x1)
0000: .
=> Send header, 147 bytes (0x93)
0000: POST /extract HTTP/2
0016: Host: fce-service.onrender.com
0036: User-Agent: curl/8.12.1
004f: Accept: */*
005c: Content-Type: application/json
007c: Content-Length: 186
0091: 
=> Send data, 186 bytes (0xba)
0000: {"url":"https://ultimateota.d.miui.com/OS2.0.201.0.VNTEUXM/moon_
0040: eea_global-ota_full-OS2.0.201.0.VNTEUXM-user-15.0-5e31983d6e.zip
0080: ?t=1755293681&s=219e32da0eb22c71926089713a","file":"boot"}
== Info: upload completely sent off: 186 bytes
<= Recv SSL data, 5 bytes (0x5)
0000: .....
<= Recv SSL data, 1 bytes (0x1)
0000: .
== Info: TLSv1.3 (IN), TLS handshake, Newsession Ticket (4):
<= Recv SSL data, 230 bytes (0xe6)
0000: ....... .Z|'....mo..;u.....B.x8.97`D..Ns..c..FV..C.$.P.jYP..'_.J
0040: .....(..;...;.......g.......d..Br,o..j..zw..^.e..iJ...7v..X7..9\
0080: ?.Z.y1....Bs.l..Q.eg.B.W%?.^..x.0x...L3"K... ..K<.t.g..->....b;.
00c0: 1wM..:.p.....y.......q......'.........
== Info: TLSv1.3 (IN), TLS handshake, Newsession Ticket (4):
<= Recv SSL data, 230 bytes (0xe6)
0000: ....... .|......mo..;u.....B.x8..3..O.{......Bd.n.....Z....u....
0040: ..."....@..W...?.....%ap.xm.o2.t....S"Lqd......e.'2...cL.t.f....
0080: lQ.MH`}....q[..3-.\.Z.}{..+..,....kD...^.d.m....[.S..A.:.....)..
00c0: .p. C<..z!..k.a....1..2>A....Y........
<= Recv SSL data, 5 bytes (0x5)
0000: ....9
<= Recv SSL data, 1 bytes (0x1)
0000: .
=> Send SSL data, 5 bytes (0x5)
0000: .....
=> Send SSL data, 1 bytes (0x1)
0000: .
<= Recv SSL data, 5 bytes (0x5)
0000: .....
<= Recv SSL data, 1 bytes (0x1)
0000: .
